Arguments: 
  /Users/yun/.nvm/versions/node/v16.13.0/bin/node /Users/yun/.nvm/versions/node/v16.13.0/bin/yarn add cypress --dev

PATH: 
  /Users/yun/.nvm/versions/node/v16.13.0/bin:/Users/yun/.rbenv/shims:/opt/homebrew/bin:/opt/homebrew/sbin:/Library/Frameworks/Python.framework/Versions/3.9/bin:/usr/local/bin:/usr/bin:/bin:/usr/sbin:/sbin:/Library/Apple/usr/bin:/Users/yun/Library/Application Support/JetBrains/Toolbox/scripts:/Users/yun/.rvm/bin

Yarn version: 
  1.22.19

Node version: 
  16.13.0

Platform: 
  darwin arm64

Trace: 
  Error: https://registry.npmjs.org/@react-navigation%2fnative: tunneling socket could not be established, statusCode=400
      at ClientRequest.onConnect (/Users/yun/.nvm/versions/node/v16.13.0/lib/node_modules/yarn/lib/cli.js:152365:19)
      at Object.onceWrapper (node:events:510:26)
      at ClientRequest.emit (node:events:390:28)
      at TLSSocket.socketOnData (node:_http_client:527:11)
      at TLSSocket.emit (node:events:390:28)
      at addChunk (node:internal/streams/readable:315:12)
      at readableAddChunk (node:internal/streams/readable:289:9)
      at TLSSocket.Readable.push (node:internal/streams/readable:228:10)
      at TLSWrap.onStreamRead (node:internal/stream_base_commons:199:23)

npm manifest: 
  {
    "name": "native",
    "version": "1.0.0",
    "main": "node_modules/expo/AppEntry.js",
    "scripts": {
      "start": "expo start",
      "android": "expo start --android",
      "ios": "expo start --ios",
      "web": "expo start --web",
      "eject": "expo eject",
      "test": "jest -u"
    },
    "dependencies": {
      "@react-navigation/native": "^6.0.8",
      "@react-navigation/stack": "^6.1.1",
      "expo": "~45.0.0",
      "expo-font": "^10.1.0",
      "expo-status-bar": "~1.3.0",
      "react": "17.0.2",
      "react-dom": "17.0.2",
      "react-native": "0.68.2",
      "react-native-web": "0.17.7",
      "react-test-renderer": "^17.0.2"
    },
    "devDependencies": {
      "@babel/core": "^7.12.9",
      "@testing-library/react-native": "^11.0.0",
      "cypress": "^10.4.0",
      "jest": "^28.1.3"
    },
    "jest": {
      "preset": "react-native",
      "transformIgnorePatterns": [
        "node_modules/(?!@react-native|react-native)"
      ]
    },
    "private": true
  }

yarn manifest: 
  No manifest

Lockfile: 
  No lockfile
